[09:06:47:966] [INFO] - org.springframework.boot.StartupInfoLogger.logStarting(StartupInfoLogger.java:48) - Starting App on slave-1-virtual-machine with PID 12281 (/home/hadoop/wnd/usr/workspace/springboot_sdn_embedded/target/classes started by hadoop in /home/hadoop/wnd/usr/workspace/springboot_sdn_embedded)
[09:06:47:989] [INFO] - org.springframework.boot.SpringApplication.logStartupProfileInfo(SpringApplication.java:597) - The following profiles are active: dev
[09:06:48:063] [INFO] - org.springframework.context.support.AbstractApplicationContext.prepareRefresh(AbstractApplicationContext.java:583) - Refreshing org.springframework.boot.context.embedded.AnnotationConfigEmbeddedWebApplicationContext@306cf3ea: startup date [Wed Aug 09 09:06:48 CST 2017]; root of context hierarchy
[09:06:48:407] [INFO] - org.hibernate.validator.internal.util.Version.<clinit>(Version.java:30) - HV000001: Hibernate Validator 5.3.5.Final
[09:06:50:061] [INFO] - org.springframework.boot.context.embedded.tomcat.TomcatEmbeddedServletContainer.initialize(TomcatEmbeddedServletContainer.java:89) - Tomcat initialized with port(s): 14000 (http)
[09:06:50:077] [INFO] - org.apache.juli.logging.DirectJDKLog.log(DirectJDKLog.java:179) - Starting service [Tomcat]
[09:06:50:079] [INFO] - org.apache.juli.logging.DirectJDKLog.log(DirectJDKLog.java:179) - Starting Servlet Engine: Apache Tomcat/8.5.16
[09:06:50:352] [INFO] - org.apache.juli.logging.DirectJDKLog.log(DirectJDKLog.java:179) - Initializing Spring embedded WebApplicationContext
[09:06:50:353] [INFO] - org.springframework.boot.context.embedded.EmbeddedWebApplicationContext.prepareEmbeddedWebApplicationContext(EmbeddedWebApplicationContext.java:276) - Root WebApplicationContext: initialization completed in 2296 ms
[09:06:50:528] [INFO] - org.springframework.boot.web.servlet.ServletRegistrationBean.onStartup(ServletRegistrationBean.java:190) - Mapping servlet: 'dispatcherServlet' to [/]
[09:06:50:533] [INFO] - org.springframework.boot.web.servlet.AbstractFilterRegistrationBean.configure(AbstractFilterRegistrationBean.java:258) - Mapping filter: 'characterEncodingFilter' to: [/*]
[09:06:50:534] [INFO] - org.springframework.boot.web.servlet.AbstractFilterRegistrationBean.configure(AbstractFilterRegistrationBean.java:258) - Mapping filter: 'hiddenHttpMethodFilter' to: [/*]
[09:06:50:534] [INFO] - org.springframework.boot.web.servlet.AbstractFilterRegistrationBean.configure(AbstractFilterRegistrationBean.java:258) - Mapping filter: 'httpPutFormContentFilter' to: [/*]
[09:06:50:534] [INFO] - org.springframework.boot.web.servlet.AbstractFilterRegistrationBean.configure(AbstractFilterRegistrationBean.java:258) - Mapping filter: 'requestContextFilter' to: [/*]
[09:06:51:500] [INFO] - org.elasticsearch.plugins.PluginsService.logPluginInfo(PluginsService.java:174) - no modules loaded
[09:06:51:504] [INFO] - org.elasticsearch.plugins.PluginsService.logPluginInfo(PluginsService.java:177) - loaded plugin [org.elasticsearch.index.reindex.ReindexPlugin]
[09:06:51:504] [INFO] - org.elasticsearch.plugins.PluginsService.logPluginInfo(PluginsService.java:177) - loaded plugin [org.elasticsearch.percolator.PercolatorPlugin]
[09:06:51:504] [INFO] - org.elasticsearch.plugins.PluginsService.logPluginInfo(PluginsService.java:177) - loaded plugin [org.elasticsearch.script.mustache.MustachePlugin]
[09:06:51:505] [INFO] - org.elasticsearch.plugins.PluginsService.logPluginInfo(PluginsService.java:177) - loaded plugin [org.elasticsearch.transport.Netty3Plugin]
[09:06:51:505] [INFO] - org.elasticsearch.plugins.PluginsService.logPluginInfo(PluginsService.java:177) - loaded plugin [org.elasticsearch.transport.Netty4Plugin]
[09:06:51:505] [INFO] - org.elasticsearch.plugins.PluginsService.logPluginInfo(PluginsService.java:177) - loaded plugin [org.elasticsearch.xpack.XPackPlugin]
[09:06:54:024] [INFO] - org.springframework.web.servlet.mvc.method.annotation.RequestMappingHandlerAdapter.initControllerAdviceCache(RequestMappingHandlerAdapter.java:534) - Looking for @ControllerAdvice: org.springframework.boot.context.embedded.AnnotationConfigEmbeddedWebApplicationContext@306cf3ea: startup date [Wed Aug 09 09:06:48 CST 2017]; root of context hierarchy
[09:06:54:192] [INFO] - org.springframework.web.servlet.handler.AbstractHandlerMethodMapping$MappingRegistry.register(AbstractHandlerMethodMapping.java:543) - Mapped "{[/testask],methods=[POST || GET]}" onto public void com.qdcz.chat.controller.ChatController.testQuery(java.lang.String)
[09:06:54:193] [INFO] - org.springframework.web.servlet.handler.AbstractHandlerMethodMapping$MappingRegistry.register(AbstractHandlerMethodMapping.java:543) - Mapped "{[/ask],methods=[POST || GET]}" onto public java.lang.String com.qdcz.chat.controller.ChatController.ask(java.lang.String)
[09:06:54:195] [INFO] - org.springframework.web.servlet.handler.AbstractHandlerMethodMapping$MappingRegistry.register(AbstractHandlerMethodMapping.java:543) - Mapped "{[/askFromWeChat],methods=[POST || GET]}" onto public java.lang.String com.qdcz.chat.controller.ChatController.askOfWeChat(java.lang.String)
[09:06:54:196] [INFO] - org.springframework.web.servlet.handler.AbstractHandlerMethodMapping$MappingRegistry.register(AbstractHandlerMethodMapping.java:543) - Mapped "{[/bluckadd],methods=[POST || GET]}" onto public boolean com.qdcz.graph.controller.GraphControler.testadd(java.lang.String,java.lang.String,java.lang.String,java.lang.String)
[09:06:54:196] [INFO] - org.springframework.web.servlet.handler.AbstractHandlerMethodMapping$MappingRegistry.register(AbstractHandlerMethodMapping.java:543) - Mapped "{[/testdel],methods=[POST || GET]}" onto public boolean com.qdcz.graph.controller.GraphControler.testdek(java.lang.String,java.lang.String)
[09:06:54:196] [INFO] - org.springframework.web.servlet.handler.AbstractHandlerMethodMapping$MappingRegistry.register(AbstractHandlerMethodMapping.java:543) - Mapped "{[/graphOp],methods=[POST || GET]}" onto public java.lang.String com.qdcz.graph.controller.GraphControler.graphOp(javax.servlet.http.HttpServletRequest)
[09:06:54:202] [INFO] - org.springframework.web.servlet.handler.AbstractHandlerMethodMapping$MappingRegistry.register(AbstractHandlerMethodMapping.java:543) - Mapped "{[/error],produces=[text/html]}" onto public org.springframework.web.servlet.ModelAndView org.springframework.boot.autoconfigure.web.BasicErrorController.errorHtml(javax.servlet.http.HttpServletRequest,javax.servlet.http.HttpServletResponse)
[09:06:54:202] [INFO] - org.springframework.web.servlet.handler.AbstractHandlerMethodMapping$MappingRegistry.register(AbstractHandlerMethodMapping.java:543) - Mapped "{[/error]}" onto public org.springframework.http.ResponseEntity<java.util.Map<java.lang.String, java.lang.Object>> org.springframework.boot.autoconfigure.web.BasicErrorController.error(javax.servlet.http.HttpServletRequest)
[09:06:54:286] [INFO] - org.springframework.web.servlet.handler.AbstractUrlHandlerMapping.registerHandler(AbstractUrlHandlerMapping.java:362) - Mapped URL path [/webjars/**] onto handler of type [class org.springframework.web.servlet.resource.ResourceHttpRequestHandler]
[09:06:54:286] [INFO] - org.springframework.web.servlet.handler.AbstractUrlHandlerMapping.registerHandler(AbstractUrlHandlerMapping.java:362) - Mapped URL path [/**] onto handler of type [class org.springframework.web.servlet.resource.ResourceHttpRequestHandler]
[09:06:54:351] [INFO] - org.springframework.web.servlet.handler.AbstractUrlHandlerMapping.registerHandler(AbstractUrlHandlerMapping.java:362) - Mapped URL path [/**/favicon.ico] onto handler of type [class org.springframework.web.servlet.resource.ResourceHttpRequestHandler]
[09:06:54:561] [INFO] - org.springframework.jmx.export.MBeanExporter.afterSingletonsInstantiated(MBeanExporter.java:431) - Registering beans for JMX exposure on startup
[09:06:54:596] [INFO] - org.apache.juli.logging.DirectJDKLog.log(DirectJDKLog.java:179) - Initializing ProtocolHandler ["http-nio-14000"]
[09:06:54:619] [INFO] - org.apache.juli.logging.DirectJDKLog.log(DirectJDKLog.java:179) - Starting ProtocolHandler ["http-nio-14000"]
[09:06:54:626] [INFO] - org.apache.juli.logging.DirectJDKLog.log(DirectJDKLog.java:179) - Using a shared selector for servlet write/read
[09:06:54:697] [INFO] - org.springframework.boot.context.embedded.tomcat.TomcatEmbeddedServletContainer.start(TomcatEmbeddedServletContainer.java:201) - Tomcat started on port(s): 14000 (http)
[09:06:54:707] [INFO] - org.springframework.boot.StartupInfoLogger.logStarted(StartupInfoLogger.java:57) - Started App in 7.196 seconds (JVM running for 8.259)
[09:06:59:458] [INFO] - org.springframework.context.support.AbstractApplicationContext.doClose(AbstractApplicationContext.java:984) - Closing org.springframework.boot.context.embedded.AnnotationConfigEmbeddedWebApplicationContext@306cf3ea: startup date [Wed Aug 09 09:06:48 CST 2017]; root of context hierarchy
[09:06:59:460] [INFO] - org.springframework.jmx.export.MBeanExporter.destroy(MBeanExporter.java:449) - Unregistering JMX-exposed beans on shutdown
[11:24:01:470] [INFO] - org.elasticsearch.plugins.PluginsService.logPluginInfo(PluginsService.java:174) - no modules loaded
[11:24:01:473] [INFO] - org.elasticsearch.plugins.PluginsService.logPluginInfo(PluginsService.java:177) - loaded plugin [org.elasticsearch.index.reindex.ReindexPlugin]
[11:24:01:473] [INFO] - org.elasticsearch.plugins.PluginsService.logPluginInfo(PluginsService.java:177) - loaded plugin [org.elasticsearch.percolator.PercolatorPlugin]
[11:24:01:474] [INFO] - org.elasticsearch.plugins.PluginsService.logPluginInfo(PluginsService.java:177) - loaded plugin [org.elasticsearch.script.mustache.MustachePlugin]
[11:24:01:474] [INFO] - org.elasticsearch.plugins.PluginsService.logPluginInfo(PluginsService.java:177) - loaded plugin [org.elasticsearch.transport.Netty3Plugin]
[11:24:01:474] [INFO] - org.elasticsearch.plugins.PluginsService.logPluginInfo(PluginsService.java:177) - loaded plugin [org.elasticsearch.transport.Netty4Plugin]
[11:24:01:474] [INFO] - org.elasticsearch.plugins.PluginsService.logPluginInfo(PluginsService.java:177) - loaded plugin [org.elasticsearch.xpack.XPackPlugin]
