[14:29:35:394] [INFO] - org.springframework.boot.StartupInfoLogger.logStarting(StartupInfoLogger.java:48) - Starting App on star-ThinkCentre-E73 with PID 5637 (/media/star/Soft/WorkSpace/KBQA/target/classes started by star in /media/star/Soft/WorkSpace/KBQA)
[14:29:35:415] [INFO] - org.springframework.boot.SpringApplication.logStartupProfileInfo(SpringApplication.java:597) - The following profiles are active: dev
[14:29:35:467] [INFO] - org.springframework.context.support.AbstractApplicationContext.prepareRefresh(AbstractApplicationContext.java:583) - Refreshing org.springframework.boot.context.embedded.AnnotationConfigEmbeddedWebApplicationContext@ba54932: startup date [Thu Aug 10 14:29:35 CST 2017]; root of context hierarchy
[14:29:35:696] [INFO] - org.hibernate.validator.internal.util.Version.<clinit>(Version.java:30) - HV000001: Hibernate Validator 5.3.5.Final
[14:29:37:396] [INFO] - org.springframework.boot.context.embedded.tomcat.TomcatEmbeddedServletContainer.initialize(TomcatEmbeddedServletContainer.java:89) - Tomcat initialized with port(s): 14000 (http)
[14:29:37:412] [INFO] - org.apache.juli.logging.DirectJDKLog.log(DirectJDKLog.java:179) - Starting service [Tomcat]
[14:29:37:413] [INFO] - org.apache.juli.logging.DirectJDKLog.log(DirectJDKLog.java:179) - Starting Servlet Engine: Apache Tomcat/8.5.16
[14:29:37:555] [INFO] - org.apache.juli.logging.DirectJDKLog.log(DirectJDKLog.java:179) - Initializing Spring embedded WebApplicationContext
[14:29:37:556] [INFO] - org.springframework.boot.context.embedded.EmbeddedWebApplicationContext.prepareEmbeddedWebApplicationContext(EmbeddedWebApplicationContext.java:276) - Root WebApplicationContext: initialization completed in 2091 ms
[14:29:37:849] [INFO] - org.springframework.boot.web.servlet.ServletRegistrationBean.onStartup(ServletRegistrationBean.java:190) - Mapping servlet: 'dispatcherServlet' to [/]
[14:29:37:854] [INFO] - org.springframework.boot.web.servlet.AbstractFilterRegistrationBean.configure(AbstractFilterRegistrationBean.java:258) - Mapping filter: 'characterEncodingFilter' to: [/*]
[14:29:37:855] [INFO] - org.springframework.boot.web.servlet.AbstractFilterRegistrationBean.configure(AbstractFilterRegistrationBean.java:258) - Mapping filter: 'hiddenHttpMethodFilter' to: [/*]
[14:29:37:855] [INFO] - org.springframework.boot.web.servlet.AbstractFilterRegistrationBean.configure(AbstractFilterRegistrationBean.java:258) - Mapping filter: 'httpPutFormContentFilter' to: [/*]
[14:29:37:855] [INFO] - org.springframework.boot.web.servlet.AbstractFilterRegistrationBean.configure(AbstractFilterRegistrationBean.java:258) - Mapping filter: 'requestContextFilter' to: [/*]
[14:29:38:699] [INFO] - org.elasticsearch.plugins.PluginsService.logPluginInfo(PluginsService.java:174) - no modules loaded
[14:29:38:701] [INFO] - org.elasticsearch.plugins.PluginsService.logPluginInfo(PluginsService.java:177) - loaded plugin [org.elasticsearch.index.reindex.ReindexPlugin]
[14:29:38:701] [INFO] - org.elasticsearch.plugins.PluginsService.logPluginInfo(PluginsService.java:177) - loaded plugin [org.elasticsearch.percolator.PercolatorPlugin]
[14:29:38:701] [INFO] - org.elasticsearch.plugins.PluginsService.logPluginInfo(PluginsService.java:177) - loaded plugin [org.elasticsearch.script.mustache.MustachePlugin]
[14:29:38:701] [INFO] - org.elasticsearch.plugins.PluginsService.logPluginInfo(PluginsService.java:177) - loaded plugin [org.elasticsearch.transport.Netty3Plugin]
[14:29:38:701] [INFO] - org.elasticsearch.plugins.PluginsService.logPluginInfo(PluginsService.java:177) - loaded plugin [org.elasticsearch.transport.Netty4Plugin]
[14:29:38:701] [INFO] - org.elasticsearch.plugins.PluginsService.logPluginInfo(PluginsService.java:177) - loaded plugin [org.elasticsearch.xpack.XPackPlugin]
[14:29:40:806] [INFO] - org.springframework.web.servlet.mvc.method.annotation.RequestMappingHandlerAdapter.initControllerAdviceCache(RequestMappingHandlerAdapter.java:534) - Looking for @ControllerAdvice: org.springframework.boot.context.embedded.AnnotationConfigEmbeddedWebApplicationContext@ba54932: startup date [Thu Aug 10 14:29:35 CST 2017]; root of context hierarchy
[14:29:40:946] [INFO] - org.springframework.web.servlet.handler.AbstractHandlerMethodMapping$MappingRegistry.register(AbstractHandlerMethodMapping.java:543) - Mapped "{[/testask],methods=[POST || GET]}" onto public void com.qdcz.chat.controller.ChatController.testQuery(java.lang.String)
[14:29:40:947] [INFO] - org.springframework.web.servlet.handler.AbstractHandlerMethodMapping$MappingRegistry.register(AbstractHandlerMethodMapping.java:543) - Mapped "{[/askFromWeChat],methods=[POST || GET]}" onto public java.lang.String com.qdcz.chat.controller.ChatController.askOfWeChat(java.lang.String)
[14:29:40:948] [INFO] - org.springframework.web.servlet.handler.AbstractHandlerMethodMapping$MappingRegistry.register(AbstractHandlerMethodMapping.java:543) - Mapped "{[/ask],methods=[POST || GET]}" onto public java.lang.String com.qdcz.chat.controller.ChatController.ask(java.lang.String)
[14:29:40:949] [INFO] - org.springframework.web.servlet.handler.AbstractHandlerMethodMapping$MappingRegistry.register(AbstractHandlerMethodMapping.java:543) - Mapped "{[/bluckadd],methods=[POST || GET]}" onto public boolean com.qdcz.graph.controller.GraphControler.testadd(java.lang.String,java.lang.String,java.lang.String,java.lang.String)
[14:29:40:950] [INFO] - org.springframework.web.servlet.handler.AbstractHandlerMethodMapping$MappingRegistry.register(AbstractHandlerMethodMapping.java:543) - Mapped "{[/testdel],methods=[POST || GET]}" onto public boolean com.qdcz.graph.controller.GraphControler.testdek(java.lang.String,java.lang.String)
[14:29:40:950] [INFO] - org.springframework.web.servlet.handler.AbstractHandlerMethodMapping$MappingRegistry.register(AbstractHandlerMethodMapping.java:543) - Mapped "{[/graphOp],methods=[POST || GET]}" onto public java.lang.String com.qdcz.graph.controller.GraphControler.graphOp(javax.servlet.http.HttpServletRequest)
[14:29:40:956] [INFO] - org.springframework.web.servlet.handler.AbstractHandlerMethodMapping$MappingRegistry.register(AbstractHandlerMethodMapping.java:543) - Mapped "{[/error],produces=[text/html]}" onto public org.springframework.web.servlet.ModelAndView org.springframework.boot.autoconfigure.web.BasicErrorController.errorHtml(javax.servlet.http.HttpServletRequest,javax.servlet.http.HttpServletResponse)
[14:29:40:956] [INFO] - org.springframework.web.servlet.handler.AbstractHandlerMethodMapping$MappingRegistry.register(AbstractHandlerMethodMapping.java:543) - Mapped "{[/error]}" onto public org.springframework.http.ResponseEntity<java.util.Map<java.lang.String, java.lang.Object>> org.springframework.boot.autoconfigure.web.BasicErrorController.error(javax.servlet.http.HttpServletRequest)
[14:29:41:008] [INFO] - org.springframework.web.servlet.handler.AbstractUrlHandlerMapping.registerHandler(AbstractUrlHandlerMapping.java:362) - Mapped URL path [/webjars/**] onto handler of type [class org.springframework.web.servlet.resource.ResourceHttpRequestHandler]
[14:29:41:009] [INFO] - org.springframework.web.servlet.handler.AbstractUrlHandlerMapping.registerHandler(AbstractUrlHandlerMapping.java:362) - Mapped URL path [/**] onto handler of type [class org.springframework.web.servlet.resource.ResourceHttpRequestHandler]
[14:29:41:090] [INFO] - org.springframework.web.servlet.handler.AbstractUrlHandlerMapping.registerHandler(AbstractUrlHandlerMapping.java:362) - Mapped URL path [/**/favicon.ico] onto handler of type [class org.springframework.web.servlet.resource.ResourceHttpRequestHandler]
[14:29:41:308] [INFO] - org.springframework.jmx.export.MBeanExporter.afterSingletonsInstantiated(MBeanExporter.java:431) - Registering beans for JMX exposure on startup
[14:29:41:339] [INFO] - org.apache.juli.logging.DirectJDKLog.log(DirectJDKLog.java:179) - Initializing ProtocolHandler ["http-nio-14000"]
[14:29:41:355] [INFO] - org.apache.juli.logging.DirectJDKLog.log(DirectJDKLog.java:179) - Starting ProtocolHandler ["http-nio-14000"]
[14:29:41:356] [INFO] - org.apache.juli.logging.DirectJDKLog.log(DirectJDKLog.java:179) - Using a shared selector for servlet write/read
[14:29:41:407] [INFO] - org.springframework.boot.context.embedded.tomcat.TomcatEmbeddedServletContainer.start(TomcatEmbeddedServletContainer.java:201) - Tomcat started on port(s): 14000 (http)
[14:29:41:411] [INFO] - org.springframework.boot.StartupInfoLogger.logStarted(StartupInfoLogger.java:57) - Started App in 6.351 seconds (JVM running for 7.362)
[14:31:02:264] [INFO] - org.apache.juli.logging.DirectJDKLog.log(DirectJDKLog.java:179) - Initializing Spring FrameworkServlet 'dispatcherServlet'
[14:31:02:264] [INFO] - org.springframework.web.servlet.FrameworkServlet.initServletBean(FrameworkServlet.java:489) - FrameworkServlet 'dispatcherServlet': initialization started
[14:31:02:292] [INFO] - org.springframework.web.servlet.FrameworkServlet.initServletBean(FrameworkServlet.java:508) - FrameworkServlet 'dispatcherServlet': initialization completed in 28 ms
[14:31:02:369] [INFO] - com.qdcz.graph.controller.GraphControler.testadd(GraphControler.java:35) - bluckadd——vetexsPath:/media/star/Doc/工作文档/微信-论文项目/vertex.txt	label:shkx_label	edgesPath:/media/star/Doc/工作文档/微信-论文项目/edges.txt	relationship：shkx_relationship
[14:33:39:226] [INFO] - com.qdcz.graph.controller.GraphControler.testadd(GraphControler.java:35) - bluckadd——vetexsPath:/media/star/Doc/工作文档/微信-论文项目/vertex.txt	label:shkx_label	edgesPath:/media/star/Doc/工作文档/微信-论文项目/edges.txt	relationship：shkx_relationship
[17:04:25:113] [INFO] - com.qdcz.graph.controller.GraphControler.testadd(GraphControler.java:35) - bluckadd——vetexsPath:/media/star/Doc/工作文档/智能小招/vertex.txt	label:ytdk_label	edgesPath:/media/star/Doc/工作文档/智能小招edges.txt	relationship：ytdk_relationship
[17:04:46:268] [INFO] - com.qdcz.graph.controller.GraphControler.testadd(GraphControler.java:35) - bluckadd——vetexsPath:/media/star/Doc/工作文档/智能小招/vertex.txt	label:ytdk_label	edgesPath:/media/star/Doc/工作文档/智能小招/edges.txt	relationship：ytdk_relationship
